Sat Jan 28 2023 18:07:55 GMT+0530 (India Standard Time) - POST - /api/buffet/book - 501 - Something went wrong seriously 
Sun Jan 29 2023 00:05:09 GMT+0530 (India Standard Time) - POST - /api/buffet/register - 409 - Username already exists 
Thu Feb 02 2023 16:55:11 GMT+0530 (India Standard Time) - DELETE - /api/buffet/booking/63da08cde890001878ba6dd3 - 500 - Cannot set headers after they are sent to the client 
Thu Feb 02 2023 17:03:36 GMT+0530 (India Standard Time) - DELETE - /api/buffet/booking/63d3bbe15e4a84215417420d - 500 - Cannot set headers after they are sent to the client 
Thu Feb 02 2023 17:11:50 GMT+0530 (India Standard Time) - GET - /api/buffet/booking/63d3bbe15e4a84215417420d - 500 - Cannot set headers after they are sent to the client 
Thu Feb 02 2023 17:12:53 GMT+0530 (India Standard Time) - GET - /api/buffet/booking/63d3bbe15e4a84215417420d - 500 - Cannot set headers after they are sent to the client 
Thu Feb 02 2023 17:15:14 GMT+0530 (India Standard Time) - GET - /api/buffet/booking/63d3bbe15e4a84215417420d - 500 - Cannot set headers after they are sent to the client 
Thu Feb 02 2023 17:16:16 GMT+0530 (India Standard Time) - GET - /api/buffet/booking/63d3bbe15e4a84215417420d - 500 - Cannot set headers after they are sent to the client 
Fri Feb 03 2023 12:55:32 GMT+0530 (India Standard Time) - POST - /api/buffet/book - 501 - Something went wrong seriously 
Fri Feb 03 2023 13:10:33 GMT+0530 (India Standard Time) - POST - /api/buffet/book - 501 - Something went wrong seriously 
Fri Feb 03 2023 13:10:38 GMT+0530 (India Standard Time) - POST - /api/buffet/book - 501 - Something went wrong seriously 
Fri Feb 03 2023 13:12:23 GMT+0530 (India Standard Time) - POST - /api/buffet/book - 501 - Something went wrong seriously 
Fri Feb 03 2023 13:12:24 GMT+0530 (India Standard Time) - POST - /api/buffet/book - 501 - Something went wrong seriously 
Fri Feb 03 2023 13:12:25 GMT+0530 (India Standard Time) - POST - /api/buffet/book - 501 - Something went wrong seriously 
Fri Feb 03 2023 13:12:26 GMT+0530 (India Standard Time) - POST - /api/buffet/book - 501 - Something went wrong seriously 
Fri Feb 03 2023 13:12:26 GMT+0530 (India Standard Time) - POST - /api/buffet/book - 501 - Something went wrong seriously 
Fri Feb 03 2023 13:12:26 GMT+0530 (India Standard Time) - POST - /api/buffet/book - 501 - Something went wrong seriously 
Fri Feb 03 2023 13:12:27 GMT+0530 (India Standard Time) - POST - /api/buffet/book - 501 - Something went wrong seriously 
Fri Feb 03 2023 13:12:27 GMT+0530 (India Standard Time) - POST - /api/buffet/book - 501 - Something went wrong seriously 
Fri Feb 03 2023 13:12:27 GMT+0530 (India Standard Time) - POST - /api/buffet/book - 501 - Something went wrong seriously 
Fri Feb 03 2023 13:12:27 GMT+0530 (India Standard Time) - POST - /api/buffet/book - 501 - Something went wrong seriously 
Fri Feb 03 2023 13:12:28 GMT+0530 (India Standard Time) - POST - /api/buffet/book - 501 - Something went wrong seriously 
Fri Feb 03 2023 13:12:28 GMT+0530 (India Standard Time) - POST - /api/buffet/book - 501 - Something went wrong seriously 
Fri Feb 03 2023 13:13:18 GMT+0530 (India Standard Time) - POST - /api/buffet/book - 501 - Something went wrong seriously 
Fri Feb 03 2023 13:13:19 GMT+0530 (India Standard Time) - POST - /api/buffet/book - 501 - Something went wrong seriously 
Fri Feb 03 2023 13:13:20 GMT+0530 (India Standard Time) - POST - /api/buffet/book - 501 - Something went wrong seriously 
Fri Feb 03 2023 13:13:21 GMT+0530 (India Standard Time) - POST - /api/buffet/book - 501 - Something went wrong seriously 
Fri Feb 03 2023 13:13:21 GMT+0530 (India Standard Time) - POST - /api/buffet/book - 501 - Something went wrong seriously 
Fri Feb 03 2023 13:13:21 GMT+0530 (India Standard Time) - POST - /api/buffet/book - 501 - Something went wrong seriously 
Fri Feb 03 2023 13:13:22 GMT+0530 (India Standard Time) - POST - /api/buffet/book - 501 - Something went wrong seriously 
Fri Feb 03 2023 13:13:22 GMT+0530 (India Standard Time) - POST - /api/buffet/book - 501 - Something went wrong seriously 
Fri Feb 03 2023 13:13:22 GMT+0530 (India Standard Time) - POST - /api/buffet/book - 501 - Something went wrong seriously 
Fri Feb 03 2023 13:13:23 GMT+0530 (India Standard Time) - POST - /api/buffet/book - 501 - Something went wrong seriously 
Fri Feb 03 2023 13:13:23 GMT+0530 (India Standard Time) - POST - /api/buffet/book - 501 - Something went wrong seriously 
Fri Feb 03 2023 13:13:23 GMT+0530 (India Standard Time) - POST - /api/buffet/book - 501 - Something went wrong seriously 
Fri Feb 03 2023 13:13:24 GMT+0530 (India Standard Time) - POST - /api/buffet/book - 501 - Something went wrong seriously 
Fri Feb 03 2023 13:13:24 GMT+0530 (India Standard Time) - POST - /api/buffet/book - 501 - Something went wrong seriously 
Fri Feb 03 2023 13:13:24 GMT+0530 (India Standard Time) - POST - /api/buffet/book - 501 - Something went wrong seriously 
Fri Feb 03 2023 13:13:25 GMT+0530 (India Standard Time) - POST - /api/buffet/book - 501 - Something went wrong seriously 
Fri Feb 03 2023 13:13:25 GMT+0530 (India Standard Time) - POST - /api/buffet/book - 501 - Something went wrong seriously 
Fri Feb 03 2023 13:13:25 GMT+0530 (India Standard Time) - POST - /api/buffet/book - 501 - Something went wrong seriously 
Fri Feb 03 2023 13:13:25 GMT+0530 (India Standard Time) - POST - /api/buffet/book - 501 - Something went wrong seriously 
Fri Feb 03 2023 13:13:25 GMT+0530 (India Standard Time) - POST - /api/buffet/book - 501 - Something went wrong seriously 
Fri Feb 03 2023 13:13:25 GMT+0530 (India Standard Time) - POST - /api/buffet/book - 501 - Something went wrong seriously 
Fri Feb 03 2023 13:13:26 GMT+0530 (India Standard Time) - POST - /api/buffet/book - 501 - Something went wrong seriously 
Fri Feb 03 2023 13:13:26 GMT+0530 (India Standard Time) - POST - /api/buffet/book - 501 - Something went wrong seriously 
Fri Feb 03 2023 13:13:26 GMT+0530 (India Standard Time) - POST - /api/buffet/book - 501 - Something went wrong seriously 
Fri Feb 03 2023 13:13:26 GMT+0530 (India Standard Time) - POST - /api/buffet/book - 501 - Something went wrong seriously 
Fri Feb 03 2023 13:13:26 GMT+0530 (India Standard Time) - POST - /api/buffet/book - 501 - Something went wrong seriously 
Fri Feb 03 2023 13:13:26 GMT+0530 (India Standard Time) - POST - /api/buffet/book - 501 - Something went wrong seriously 
Fri Feb 03 2023 13:13:27 GMT+0530 (India Standard Time) - POST - /api/buffet/book - 501 - Something went wrong seriously 
Fri Feb 03 2023 13:13:27 GMT+0530 (India Standard Time) - POST - /api/buffet/book - 501 - Something went wrong seriously 
Fri Feb 03 2023 13:13:27 GMT+0530 (India Standard Time) - POST - /api/buffet/book - 501 - Something went wrong seriously 
Fri Feb 03 2023 13:13:27 GMT+0530 (India Standard Time) - POST - /api/buffet/book - 501 - Something went wrong seriously 
Fri Feb 03 2023 13:13:27 GMT+0530 (India Standard Time) - POST - /api/buffet/book - 501 - Something went wrong seriously 
Fri Feb 03 2023 13:13:27 GMT+0530 (India Standard Time) - POST - /api/buffet/book - 501 - Something went wrong seriously 
Fri Feb 03 2023 13:13:27 GMT+0530 (India Standard Time) - POST - /api/buffet/book - 501 - Something went wrong seriously 
Fri Feb 03 2023 13:13:27 GMT+0530 (India Standard Time) - POST - /api/buffet/book - 501 - Something went wrong seriously 
Fri Feb 03 2023 13:13:28 GMT+0530 (India Standard Time) - POST - /api/buffet/book - 501 - Something went wrong seriously 
Fri Feb 03 2023 13:13:28 GMT+0530 (India Standard Time) - POST - /api/buffet/book - 501 - Something went wrong seriously 
Fri Feb 03 2023 13:13:28 GMT+0530 (India Standard Time) - POST - /api/buffet/book - 501 - Something went wrong seriously 
Fri Feb 03 2023 13:13:29 GMT+0530 (India Standard Time) - POST - /api/buffet/book - 501 - Something went wrong seriously 
Fri Feb 03 2023 13:13:29 GMT+0530 (India Standard Time) - POST - /api/buffet/book - 501 - Something went wrong seriously 
Fri Feb 03 2023 13:13:29 GMT+0530 (India Standard Time) - POST - /api/buffet/book - 501 - Something went wrong seriously 
Fri Feb 03 2023 13:13:30 GMT+0530 (India Standard Time) - POST - /api/buffet/book - 501 - Something went wrong seriously 
Fri Feb 03 2023 13:13:30 GMT+0530 (India Standard Time) - POST - /api/buffet/book - 501 - Something went wrong seriously 
Fri Feb 03 2023 13:13:30 GMT+0530 (India Standard Time) - POST - /api/buffet/book - 501 - Something went wrong seriously 
Fri Feb 03 2023 13:13:30 GMT+0530 (India Standard Time) - POST - /api/buffet/book - 501 - Something went wrong seriously 
Fri Feb 03 2023 13:13:30 GMT+0530 (India Standard Time) - POST - /api/buffet/book - 501 - Something went wrong seriously 
Fri Feb 03 2023 13:13:31 GMT+0530 (India Standard Time) - POST - /api/buffet/book - 501 - Something went wrong seriously 
Fri Feb 03 2023 13:13:31 GMT+0530 (India Standard Time) - POST - /api/buffet/book - 501 - Something went wrong seriously 
Fri Feb 03 2023 13:13:31 GMT+0530 (India Standard Time) - POST - /api/buffet/book - 501 - Something went wrong seriously 
Fri Feb 03 2023 13:13:31 GMT+0530 (India Standard Time) - POST - /api/buffet/book - 501 - Something went wrong seriously 
Fri Feb 03 2023 13:13:32 GMT+0530 (India Standard Time) - POST - /api/buffet/book - 501 - Something went wrong seriously 
Fri Feb 03 2023 13:13:32 GMT+0530 (India Standard Time) - POST - /api/buffet/book - 501 - Something went wrong seriously 
Fri Feb 03 2023 13:13:32 GMT+0530 (India Standard Time) - POST - /api/buffet/book - 501 - Something went wrong seriously 
Fri Feb 03 2023 13:13:32 GMT+0530 (India Standard Time) - POST - /api/buffet/book - 501 - Something went wrong seriously 
Fri Feb 03 2023 13:13:33 GMT+0530 (India Standard Time) - POST - /api/buffet/book - 501 - Something went wrong seriously 
Fri Feb 03 2023 13:13:33 GMT+0530 (India Standard Time) - POST - /api/buffet/book - 501 - Something went wrong seriously 
Fri Feb 03 2023 13:13:33 GMT+0530 (India Standard Time) - POST - /api/buffet/book - 501 - Something went wrong seriously 
Fri Feb 03 2023 13:13:33 GMT+0530 (India Standard Time) - POST - /api/buffet/book - 501 - Something went wrong seriously 
Fri Feb 03 2023 13:13:33 GMT+0530 (India Standard Time) - POST - /api/buffet/book - 501 - Something went wrong seriously 
Fri Feb 03 2023 13:13:34 GMT+0530 (India Standard Time) - POST - /api/buffet/book - 501 - Something went wrong seriously 
Fri Feb 03 2023 13:13:34 GMT+0530 (India Standard Time) - POST - /api/buffet/book - 501 - Something went wrong seriously 
Fri Feb 03 2023 13:13:34 GMT+0530 (India Standard Time) - POST - /api/buffet/book - 501 - Something went wrong seriously 
Fri Feb 03 2023 13:13:34 GMT+0530 (India Standard Time) - POST - /api/buffet/book - 501 - Something went wrong seriously 
Fri Feb 03 2023 13:13:34 GMT+0530 (India Standard Time) - POST - /api/buffet/book - 501 - Something went wrong seriously 
Fri Feb 03 2023 13:13:34 GMT+0530 (India Standard Time) - POST - /api/buffet/book - 501 - Something went wrong seriously 
Fri Feb 03 2023 13:14:17 GMT+0530 (India Standard Time) - GET - /api/buffet/booking/[object%20Object] - 500 - Cast to ObjectId failed for value "[object Object]" at path "_id" for model "Buffet" 
Fri Feb 03 2023 13:14:17 GMT+0530 (India Standard Time) - GET - /api/buffet/booking/[object%20Object] - 500 - Cast to ObjectId failed for value "[object Object]" at path "_id" for model "Buffet" 
Fri Feb 03 2023 13:14:28 GMT+0530 (India Standard Time) - GET - /api/buffet/booking/[object%20Object] - 500 - Cast to ObjectId failed for value "[object Object]" at path "_id" for model "Buffet" 
Fri Feb 03 2023 13:14:28 GMT+0530 (India Standard Time) - GET - /api/buffet/booking/[object%20Object] - 500 - Cast to ObjectId failed for value "[object Object]" at path "_id" for model "Buffet" 
Fri Feb 03 2023 13:15:27 GMT+0530 (India Standard Time) - GET - /api/buffet/booking/[object%20Object] - 500 - Cast to ObjectId failed for value "[object Object]" at path "_id" for model "Buffet" 
Fri Feb 03 2023 13:15:27 GMT+0530 (India Standard Time) - GET - /api/buffet/booking/[object%20Object] - 500 - Cast to ObjectId failed for value "[object Object]" at path "_id" for model "Buffet" 
Fri Feb 03 2023 13:15:32 GMT+0530 (India Standard Time) - GET - /api/buffet/booking/[object%20Object] - 500 - Cast to ObjectId failed for value "[object Object]" at path "_id" for model "Buffet" 
Fri Feb 03 2023 13:15:32 GMT+0530 (India Standard Time) - GET - /api/buffet/booking/[object%20Object] - 500 - Cast to ObjectId failed for value "[object Object]" at path "_id" for model "Buffet" 
Fri Feb 03 2023 13:15:38 GMT+0530 (India Standard Time) - GET - /api/buffet/booking/[object%20Object] - 500 - Cast to ObjectId failed for value "[object Object]" at path "_id" for model "Buffet" 
Fri Feb 03 2023 13:15:38 GMT+0530 (India Standard Time) - GET - /api/buffet/booking/[object%20Object] - 500 - Cast to ObjectId failed for value "[object Object]" at path "_id" for model "Buffet" 
Fri Feb 03 2023 13:16:32 GMT+0530 (India Standard Time) - GET - /api/buffet/booking/[object%20Object] - 500 - Cast to ObjectId failed for value "[object Object]" at path "_id" for model "Buffet" 
Fri Feb 03 2023 13:16:32 GMT+0530 (India Standard Time) - GET - /api/buffet/booking/[object%20Object] - 500 - Cast to ObjectId failed for value "[object Object]" at path "_id" for model "Buffet" 
Fri Feb 03 2023 13:19:03 GMT+0530 (India Standard Time) - GET - /api/buffet/booking/[object%20Object] - 500 - Cast to ObjectId failed for value "[object Object]" at path "_id" for model "Buffet" 
Fri Feb 03 2023 13:19:03 GMT+0530 (India Standard Time) - GET - /api/buffet/booking/[object%20Object] - 500 - Cast to ObjectId failed for value "[object Object]" at path "_id" for model "Buffet" 
Tue Mar 07 2023 15:18:59 GMT+0530 (India Standard Time) - POST - /api/customer/account - 501 - Something went wrong seriously 
Tue Mar 07 2023 15:20:15 GMT+0530 (India Standard Time) - POST - /api/customer/account - 501 - Something went wrong seriously 
Thu Mar 09 2023 20:43:03 GMT+0530 (India Standard Time) - GET - /api/customer/account/income - 500 - newCustomer is not defined 
Fri Mar 17 2023 18:08:09 GMT+0530 (India Standard Time) - GET - /api/customer/account/retrieve/dob - 500 - unknown top level operator: $year. If you have a field name that starts with a '$' symbol, consider using $getField or $setField. 
Fri Mar 17 2023 18:24:47 GMT+0530 (India Standard Time) - GET - /api/customer/account/retrieve/dob - 500 - unknown top level operator: $eq. If you have a field name that starts with a '$' symbol, consider using $getField or $setField. 
Fri Mar 17 2023 18:29:26 GMT+0530 (India Standard Time) - GET - /api/customer/account/retrieve/dob - 500 - Failed to optimize expression :: caused by :: can't convert from BSON type string to Date 
Fri Mar 17 2023 18:30:22 GMT+0530 (India Standard Time) - GET - /api/customer/account/retrieve/dob - 500 - Expression $eq takes exactly 2 arguments. 1 were passed in. 
Fri Mar 17 2023 18:36:03 GMT+0530 (India Standard Time) - GET - /api/customer/account/retrieve/dob - 500 - Failed to optimize expression :: caused by :: can't convert from BSON type string to Date 
Fri Mar 17 2023 18:42:27 GMT+0530 (India Standard Time) - GET - /api/customer/account/retrieve/dob - 500 - unknown top level operator: $year. If you have a field name that starts with a '$' symbol, consider using $getField or $setField. 
Fri Mar 17 2023 18:43:09 GMT+0530 (India Standard Time) - GET - /api/customer/account/retrieve/dob - 500 - Parameter "filter" to find() must be an object, got $PersonalDetails.dob 
Sun Mar 19 2023 10:40:45 GMT+0530 (India Standard Time) - GET - /api/customer/account/retrieve/dob - 500 - FieldPath field names may not start with '$'. Consider using $getField or $setField. 
Wed Mar 22 2023 10:57:38 GMT+0530 (India Standard Time) - GET - /api/customer/account/retrieve/dob - 500 - FieldPath field names may not start with '$'. Consider using $getField or $setField. 
Wed Mar 22 2023 11:37:55 GMT+0530 (India Standard Time) - GET - /api/customer/account/retrieve/dob - 500 - Invalid $project :: caused by :: FieldPath field names may not start with '$'. Consider using $getField or $setField. 
Wed Mar 22 2023 11:38:38 GMT+0530 (India Standard Time) - GET - /api/customer/account/retrieve/dob - 500 - The field '$year' must be an accumulator object 
Wed Mar 22 2023 11:39:13 GMT+0530 (India Standard Time) - GET - /api/customer/account/retrieve/dob - 500 - Invalid $project :: caused by :: FieldPath field names may not start with '$'. Consider using $getField or $setField. 
Wed Mar 22 2023 11:53:08 GMT+0530 (India Standard Time) - GET - /api/customer/account/retrieve/dob - 500 - Arguments must be aggregate pipeline operators 
Wed Mar 22 2023 12:13:11 GMT+0530 (India Standard Time) - GET - /api/customer/account/retrieve/dob - 500 - unknown operator: $year 
Wed Mar 22 2023 13:03:20 GMT+0530 (India Standard Time) - GET - /api/customer/account/retrieve/dob - 500 - Unrecognized pipeline stage name: '$eq' 
Wed Mar 22 2023 13:03:40 GMT+0530 (India Standard Time) - GET - /api/customer/account/retrieve/dob - 500 - Unrecognized pipeline stage name: '$eq' 
Wed Mar 22 2023 13:22:58 GMT+0530 (India Standard Time) - GET - /api/customer/account/retrieve/dob - 500 - Arguments must be aggregate pipeline operators 
Wed Mar 22 2023 13:24:26 GMT+0530 (India Standard Time) - GET - /api/customer/account/retrieve/dob - 500 - Arguments must be aggregate pipeline operators 
Wed Mar 22 2023 13:26:18 GMT+0530 (India Standard Time) - GET - /api/customer/account/retrieve/dob - 500 - Arguments must be aggregate pipeline operators 
Wed Mar 22 2023 13:29:48 GMT+0530 (India Standard Time) - GET - /api/customer/account/retrieve/dob - 500 - Unrecognized pipeline stage name: '$year' 
Wed Mar 22 2023 14:18:05 GMT+0530 (India Standard Time) - GET - /api/customer/account/retrieve/dob - 500 - unknown top level operator: $eq. If you have a field name that starts with a '$' symbol, consider using $getField or $setField. 
Wed Mar 22 2023 14:18:31 GMT+0530 (India Standard Time) - GET - /api/customer/account/retrieve/dob - 500 - Parameter "filter" to find() must be an object, got PersonalDetails.dob 
Wed Mar 22 2023 17:53:13 GMT+0530 (India Standard Time) - GET - /api/customer/account/retrieve/collection - 500 - CustomerName is not defined 
Wed Mar 22 2023 17:56:17 GMT+0530 (India Standard Time) - GET - /api/customer/account/retrieve/collection - 500 - If an object is passed to $out it must have exactly 2 fields: 'db' and 'coll' 
Wed Mar 22 2023 19:56:12 GMT+0530 (India Standard Time) - GET - /api/customer/account/retrieve/collection - 500 - CustomerName is not defined 
Wed Mar 22 2023 19:58:22 GMT+0530 (India Standard Time) - GET - /api/customer/account/retrieve/collection - 500 - Invalid $project :: caused by :: Unknown expression $CustomerName 
Wed Mar 22 2023 20:24:34 GMT+0530 (India Standard Time) - GET - /api/customer/account/retrieve/average/balance - 500 - AccountDetails is not defined 
Wed Mar 22 2023 20:26:28 GMT+0530 (India Standard Time) - GET - /api/customer/account/retrieve/average/balance - 500 - The field 'id' must be an accumulator object 
Wed Mar 22 2023 20:27:01 GMT+0530 (India Standard Time) - GET - /api/customer/account/retrieve/average/balance - 500 - The field 'AccountDetails' must be an accumulator object 
Wed Mar 22 2023 20:29:34 GMT+0530 (India Standard Time) - GET - /api/customer/account/retrieve/average/balance - 500 - unknown top level operator: $AccountDetails.balance. If you have a field name that starts with a '$' symbol, consider using $getField or $setField. 
Wed Mar 22 2023 20:58:13 GMT+0530 (India Standard Time) - GET - /api/customer/account/retrieve/average/balance - 500 - Unrecognized expression '$AccountDetails.accType' 
Wed Mar 22 2023 21:49:54 GMT+0530 (India Standard Time) - GET - /api/customer/account/retrieve/average/balance - 500 - unknown top level operator: $AccountDetails.balance. If you have a field name that starts with a '$' symbol, consider using $getField or $setField. 
Wed Mar 22 2023 22:36:56 GMT+0530 (India Standard Time) - GET - /api/customer/account/retrieve/average/balance - 500 - books is not defined 
Wed Mar 22 2023 22:41:00 GMT+0530 (India Standard Time) - GET - /api/customer/account/retrieve/average/balance - 500 - books is not defined 
Wed Mar 22 2023 22:41:01 GMT+0530 (India Standard Time) - GET - /api/customer/account/retrieve/average/balance - 500 - books is not defined 
Wed Mar 22 2023 22:42:00 GMT+0530 (India Standard Time) - GET - /api/customer/account/retrieve/average/balance - 500 - Income is not defined 
Thu Mar 23 2023 09:45:27 GMT+0530 (India Standard Time) - GET - /api/customer/account/retrieve/average/balance - 500 - unknown group operator '$Avg' 
Thu Mar 23 2023 10:29:22 GMT+0530 (India Standard Time) - GET - /api/customer/account/retrieve/average/balance - 500 - The $avg accumulator is a unary operator 
Thu Mar 23 2023 11:33:16 GMT+0530 (India Standard Time) - GET - /api/customer/account/retrieve/average/balance - 500 - The field name '$ratings' cannot be an operator name 
Thu Mar 23 2023 11:57:35 GMT+0530 (India Standard Time) - GET - /api/customer/account/retrieve/average/balance - 500 - unknown top level operator: $AccountDetails.balance. If you have a field name that starts with a '$' symbol, consider using $getField or $setField. 
Wed Apr 12 2023 16:56:53 GMT+0530 (India Standard Time) - GET - /api/airport/finding/customer - 500 - FieldPath field names may not start with '$'. Consider using $getField or $setField. 
Wed Apr 12 2023 18:38:08 GMT+0530 (India Standard Time) - GET - /api/airport/avg-fare/customer - 500 - Arguments must be aggregate pipeline operators 
Wed Apr 12 2023 19:24:50 GMT+0530 (India Standard Time) - GET - /api/airport/avg-fare/customer - 500 - Arguments must be aggregate pipeline operators 
Sun Apr 16 2023 13:19:42 GMT+0530 (India Standard Time) - GET - /api/airport/update-facility/airport - 500 - Airport.createIndex is not a function 
Sun Apr 16 2023 13:21:38 GMT+0530 (India Standard Time) - GET - /api/airport/update-facility/airport - 500 - Airport.index is not a function 
Sun Apr 16 2023 13:28:05 GMT+0530 (India Standard Time) - GET - /api/airport/update-facility/airport - 500 - Airport.index is not a function 
